<?xml version="1.0" encoding="UTF-8"?>
<!-- Generated by org.testng.reporters.JUnitReportReporter -->
<testsuite hostname="inlen8520027833" failures="0" tests="1" name="com.lao.rest_assured_training.anotherGetRequestExample" time="1.400" errors="0" timestamp="2023-02-03T10:06:12 IST" skipped="0">
  <testcase classname="com.lao.rest_assured_training.anotherGetRequestExample" name="PostRequestExmaple" time="1.400"/>
  <system-out/>
</testsuite> <!-- com.lao.rest_assured_training.anotherGetRequestExample -->
